[debug] > Exec(early(addDefaultCommands), None, None)
[debug] > Exec(addDefaultCommands, None, None)
[debug] > Exec(early(initialize), None, None)
[debug] > Exec(initialize, None, None)
[debug] > Exec(boot, None, None)
[debug] > Exec(writeSbtVersion, None, None)
[debug] > Exec(reload, None, None)
[debug] > Exec(sbtStashOnFailure, None, None)
[debug] > Exec(onFailure loadFailed, None, None)
[debug] > Exec(loadp, None, None)
[info] welcome to sbt 1.10.0 (Oracle Corporation Java 17.0.12)
[debug]       Load.loadUnit: plugins took 164.834208ms
[debug]       Load.loadUnit: defsScala took 0.440375ms
[debug] [Loading] Scanning directory /Users/racit/.sbt/1.0/plugins
[debug] [Loading] Found non-root projects 
[debug] [Loading] Done in /Users/racit/.sbt/1.0/plugins, returning: ()
[debug] deducing auto plugins based on known facts Set(Atom(sbt.plugins.CorePlugin)) and clauses Clauses(Clause(Atom(sbt.plugins.JvmPlugin),Set(Atom(sbt.plugins.IvyPlugin)))
[debug] Clause(Atom(sbt.ScriptedPlugin),Set(Atom(sbt.plugins.JvmPlugin)))
[debug] Clause(Atom(sbt.plugins.SbtPlugin),Set(Atom(sbt.ScriptedPlugin)))
[debug] Clause(Atom(sbt.plugins.SemanticdbPlugin),Set(Atom(sbt.plugins.JvmPlugin)))
[debug] Clause(Atom(sbt.plugins.JUnitXmlReportPlugin),Set(Atom(sbt.plugins.JvmPlugin)))
[debug] Clause(Atom(sbt.plugins.MiniDependencyTreePlugin),Set(Atom(sbt.plugins.JvmPlugin)))
[debug] Clause(Atom(sbt.plugins.CorePlugin),Set(Atom(sbt.plugins.IvyPlugin)))
[debug] Clause(Atom(sbt.plugins.IvyPlugin),Set(Atom(sbt.plugins.JvmPlugin)))
[debug] Clause(Atom(sbt.plugins.JvmPlugin),Set(Atom(sbt.plugins.SemanticdbPlugin)))
[debug] Clause(Atom(sbt.plugins.JvmPlugin),Set(Atom(sbt.plugins.JUnitXmlReportPlugin)))
[debug] Clause(Atom(sbt.plugins.CorePlugin),Set(Atom(sbt.plugins.Giter8TemplatePlugin)))
[debug] Clause(Atom(sbt.plugins.JvmPlugin),Set(Atom(sbt.plugins.MiniDependencyTreePlugin))))
[debug]   :: deduced result: Matched(sbt.plugins.CorePlugin,sbt.plugins.Giter8TemplatePlugin,sbt.plugins.IvyPlugin,sbt.plugins.JvmPlugin,sbt.plugins.MiniDependencyTreePlugin,sbt.plugins.JUnitXmlReportPlugin,sbt.plugins.SemanticdbPlugin)
[debug] Plugins.deducer#function took 71.984041 ms
[debug]           Load.resolveProject(global-plugins) took 104.299292ms
[debug]         Load.loadTransitive: finalizeProject(Project(id global-plugins, base: /Users/racit/.sbt/1.0/plugins, plugins: List(<none>))) took 194.314333ms
[debug] [Loading] Done in /Users/racit/.sbt/1.0/plugins, returning: (global-plugins)
[debug]       Load.loadUnit: loadedProjectsRaw took 227.796792ms
[debug]       Load.loadUnit: cleanEvalClasses took 0.306625ms
[debug]     Load.loadUnit(file:/Users/racit/.sbt/1.0/plugins/, ...) took 468.127541ms
[debug]   Load.apply: load took 1311.01325ms
[debug]   Load.apply: resolveProjects took 2.376333ms
[debug]   Load.apply: finalTransforms took 51.375042ms
[debug]   Load.apply: config.delegates took 5.204583ms
[debug]   Load.apply: Def.make(settings)... took 490.16225ms
[debug]   Load.apply: structureIndex took 117.173041ms
[debug]   Load.apply: mkStreams took 0.596666ms
[info] loading global plugins from /Users/racit/.sbt/1.0/plugins
[debug] Running task... Cancel: Signal, check cycles: false, forcegc: true
[debug] Load.defaultLoad until apply took 3506.715166ms
[debug]           Load.loadUnit: plugins took 7.628042ms
[debug]           Load.loadUnit: defsScala took 0.004792ms
[debug] [Loading] Scanning directory /Users/racit/Documents/Akka/scala-kafka-consumer-main/project
[debug] [Loading] Found non-root projects 
[debug] [Loading] Done in /Users/racit/Documents/Akka/scala-kafka-consumer-main/project, returning: ()
[debug] deducing auto plugins based on known facts Set(Atom(sbt.plugins.CorePlugin)) and clauses Clauses(Clause(Atom(sbt.plugins.JvmPlugin),Set(Atom(sbt.plugins.IvyPlugin)))
[debug] Clause(Atom(sbt.ScriptedPlugin),Set(Atom(sbt.plugins.JvmPlugin)))
[debug] Clause(Atom(sbt.plugins.SbtPlugin),Set(Atom(sbt.ScriptedPlugin)))
[debug] Clause(Atom(sbt.plugins.SemanticdbPlugin),Set(Atom(sbt.plugins.JvmPlugin)))
[debug] Clause(Atom(sbt.plugins.JUnitXmlReportPlugin),Set(Atom(sbt.plugins.JvmPlugin)))
[debug] Clause(Atom(sbt.plugins.MiniDependencyTreePlugin),Set(Atom(sbt.plugins.JvmPlugin)))
[debug] Clause(Atom(sbt.plugins.CorePlugin),Set(Atom(sbt.plugins.IvyPlugin)))
[debug] Clause(Atom(sbt.plugins.IvyPlugin),Set(Atom(sbt.plugins.JvmPlugin)))
[debug] Clause(Atom(sbt.plugins.JvmPlugin),Set(Atom(sbt.plugins.SemanticdbPlugin)))
[debug] Clause(Atom(sbt.plugins.JvmPlugin),Set(Atom(sbt.plugins.JUnitXmlReportPlugin)))
[debug] Clause(Atom(sbt.plugins.CorePlugin),Set(Atom(sbt.plugins.Giter8TemplatePlugin)))
[debug] Clause(Atom(sbt.plugins.JvmPlugin),Set(Atom(sbt.plugins.MiniDependencyTreePlugin))))
[debug]   :: deduced result: Matched(sbt.plugins.CorePlugin,sbt.plugins.Giter8TemplatePlugin,sbt.plugins.IvyPlugin,sbt.plugins.JvmPlugin,sbt.plugins.MiniDependencyTreePlugin,sbt.plugins.JUnitXmlReportPlugin,sbt.plugins.SemanticdbPlugin)
[debug] Plugins.deducer#function took 2.69325 ms
[debug]               Load.resolveProject(scala-kafka-consumer-main-build) took 1.708833ms
[debug]             Load.loadTransitive: finalizeProject(Project(id scala-kafka-consumer-main-build, base: /Users/racit/Documents/Akka/scala-kafka-consumer-main/project, plugins: List(<none>))) took 5.24775ms
[debug] [Loading] Done in /Users/racit/Documents/Akka/scala-kafka-consumer-main/project, returning: (scala-kafka-consumer-main-build)
[debug]           Load.loadUnit: loadedProjectsRaw took 7.274125ms
[debug]           Load.loadUnit: cleanEvalClasses took 0.020084ms
[debug]         Load.loadUnit(file:/Users/racit/Documents/Akka/scala-kafka-consumer-main/project/, ...) took 15.543333ms
[debug]       Load.apply: load took 17.200125ms
[debug]       Load.apply: resolveProjects took 0.0815ms
[debug]       Load.apply: finalTransforms took 7.382667ms
[debug]       Load.apply: config.delegates took 0.477916ms
[debug]       Load.apply: Def.make(settings)... took 162.467458ms
[debug]       Load.apply: structureIndex took 21.723666ms
[debug]       Load.apply: mkStreams took 0.003167ms
[info] loading project definition from /Users/racit/Documents/Akka/scala-kafka-consumer-main/project
[debug] Running task... Cancel: Signal, check cycles: false, forcegc: true
[debug]     Load.loadUnit: plugins took 446.959709ms
[debug]     Load.loadUnit: defsScala took 0.003291ms
[debug] [Loading] Scanning directory /Users/racit/Documents/Akka/scala-kafka-consumer-main
[debug]       Load.loadUnit: mkEval took 2.988875ms
[debug] [Loading] Found non-root projects 
[debug] [Loading] Done in /Users/racit/Documents/Akka/scala-kafka-consumer-main, returning: ()
[debug] deducing auto plugins based on known facts Set(Atom(sbt.plugins.CorePlugin)) and clauses Clauses(Clause(Atom(sbt.plugins.JvmPlugin),Set(Atom(sbt.plugins.IvyPlugin)))
[debug] Clause(Atom(sbt.ScriptedPlugin),Set(Atom(sbt.plugins.JvmPlugin)))
[debug] Clause(Atom(sbt.plugins.SbtPlugin),Set(Atom(sbt.ScriptedPlugin)))
[debug] Clause(Atom(sbt.plugins.SemanticdbPlugin),Set(Atom(sbt.plugins.JvmPlugin)))
[debug] Clause(Atom(sbt.plugins.JUnitXmlReportPlugin),Set(Atom(sbt.plugins.JvmPlugin)))
[debug] Clause(Atom(sbt.plugins.MiniDependencyTreePlugin),Set(Atom(sbt.plugins.JvmPlugin)))
[debug] Clause(Atom(sbt.plugins.CorePlugin),Set(Atom(sbt.plugins.IvyPlugin)))
[debug] Clause(Atom(sbt.plugins.IvyPlugin),Set(Atom(sbt.plugins.JvmPlugin)))
[debug] Clause(Atom(sbt.plugins.JvmPlugin),Set(Atom(sbt.plugins.SemanticdbPlugin)))
[debug] Clause(Atom(sbt.plugins.JvmPlugin),Set(Atom(sbt.plugins.JUnitXmlReportPlugin)))
[debug] Clause(Atom(sbt.plugins.CorePlugin),Set(Atom(sbt.plugins.Giter8TemplatePlugin)))
[debug] Clause(Atom(sbt.plugins.JvmPlugin),Set(Atom(sbt.plugins.MiniDependencyTreePlugin))))
[debug]   :: deduced result: Matched(sbt.plugins.CorePlugin,sbt.plugins.Giter8TemplatePlugin,sbt.plugins.IvyPlugin,sbt.plugins.JvmPlugin,sbt.plugins.MiniDependencyTreePlugin,sbt.plugins.JUnitXmlReportPlugin,sbt.plugins.SemanticdbPlugin)
[debug] Plugins.deducer#function took 2.347917 ms
[info] loading settings for project scala-kafka-consumer-main from build.sbt ...
[debug]         Load.resolveProject(scala-kafka-consumer-main) took 2.1825ms
[debug]       Load.loadTransitive: finalizeProject(Project(id scala-kafka-consumer-main, base: /Users/racit/Documents/Akka/scala-kafka-consumer-main, plugins: List(<none>))) took 5.254166ms
[debug] [Loading] Done in /Users/racit/Documents/Akka/scala-kafka-consumer-main, returning: (scala-kafka-consumer-main)
[debug]     Load.loadUnit: loadedProjectsRaw took 178.705625ms
[debug]     Load.loadUnit: cleanEvalClasses took 8.20925ms
[debug]   Load.loadUnit(file:/Users/racit/Documents/Akka/scala-kafka-consumer-main/, ...) took 634.482959ms
[debug] Load.apply: load took 635.381042ms
[debug] Load.apply: resolveProjects took 0.066ms
[debug] Load.apply: finalTransforms took 8.817292ms
[debug] Load.apply: config.delegates took 0.509292ms
[debug] Load.apply: Def.make(settings)... took 119.849208ms
[debug] Load.apply: structureIndex took 103.325042ms
[debug] Load.apply: mkStreams took 0.004416ms
[info] set current project to scala-kafka-consumer-main (in build file:/Users/racit/Documents/Akka/scala-kafka-consumer-main/)
[debug] > Exec(sbtPopOnFailure, None, None)
[debug] > Exec(resumeFromFailure, None, None)
[debug] > Exec(notifyUsersAboutShell, None, None)
[debug] > Exec(iflast shell, None, None)
[debug] > Exec(shell, None, None)
[info] 
[info] Here are some highlights of sbt 1.10.0:
[info]   - SIP-51 support for Scala 2.13 evolution
[info]   - Various Zinc fixes
[info]   - ConsistentAnalysisFormat: new Zinc Analysis serialization
[info]   - CommandProgress API
[info] See https://eed3si9n.com/sbt-1.10.0 for full release notes.
[info] Hide the banner for this release by running `skipBanner`.
[info] sbt server started at local:///Users/racit/.sbt/1.0/server/ddbe8302660d41cb63ea/sock
[debug] Writing bsp connection file
[info] started sbt server
